[debug] [2017-12-08T21:44:51.043Z] ----------------------------------------------------------------------
[debug] [2017-12-08T21:44:51.045Z] Command:       C:\Program Files\nodejs\node.exe C:\Users\rebek_000\AppData\Roaming\npm\node_modules\firebase-tools\bin\firebase serve
[debug] [2017-12-08T21:44:51.045Z] CLI Version:   3.15.0
[debug] [2017-12-08T21:44:51.046Z] Platform:      win32
[debug] [2017-12-08T21:44:51.046Z] Node Version:  v8.9.1
[debug] [2017-12-08T21:44:51.046Z] Time:          Fri Dec 08 2017 18:44:51 GMT-0300 (Hora oficial do Brasil)
[debug] [2017-12-08T21:44:51.047Z] ----------------------------------------------------------------------
[debug] 
[debug] [2017-12-08T21:44:51.061Z] > command requires scopes: ["email","openid","https://www.googleapis.com/auth/cloudplatformprojects.readonly","https://www.googleapis.com/auth/firebase","https://www.googleapis.com/auth/cloud-platform"]
[debug] [2017-12-08T21:44:51.062Z] > authorizing via signed-in user
[debug] [2017-12-08T21:44:51.064Z] > refreshing access token with scopes: ["email","https://www.googleapis.com/auth/cloud-platform","https://www.googleapis.com/auth/cloudplatformprojects.readonly","https://www.googleapis.com/auth/firebase","openid"]
[debug] [2017-12-08T21:44:51.064Z] >>> HTTP REQUEST POST https://www.googleapis.com/oauth2/v3/token { refresh_token: '1/S38XDkODuSvNDCatBiEuGEiDpoR4yRv4NWy7038vLxQ',
  client_id: '563584335869-fgrhgmd47bqnekij5i8b5pr03ho849e6.apps.googleusercontent.com',
  client_secret: 'j9iVZfS8kkCEFUPaAeJV0sAi',
  grant_type: 'refresh_token',
  scope: 'email https://www.googleapis.com/auth/cloud-platform https://www.googleapis.com/auth/cloudplatformprojects.readonly https://www.googleapis.com/auth/firebase openid' } 
 Fri Dec 08 2017 18:44:51 GMT-0300 (Hora oficial do Brasil)
[debug] [2017-12-08T21:44:51.670Z] <<< HTTP RESPONSE 200
[debug] [2017-12-08T21:44:51.706Z] >>> HTTP REQUEST GET https://admin.firebase.com/v1/projects/teste1-e312a  
 Fri Dec 08 2017 18:44:51 GMT-0300 (Hora oficial do Brasil)
[debug] [2017-12-08T21:44:52.797Z] <<< HTTP RESPONSE 200
[debug] [2017-12-08T21:44:52.798Z] >>> HTTP REQUEST GET https://admin.firebase.com/v1/database/teste1-e312a/tokens  
 Fri Dec 08 2017 18:44:52 GMT-0300 (Hora oficial do Brasil)
[debug] [2017-12-08T21:44:53.805Z] <<< HTTP RESPONSE 200
[info] 
[info] === Serving from 'D:\Github\publikBusiness'...
[info] 
[debug] [2017-12-08T21:44:53.814Z] >>> HTTP REQUEST GET https://cloudresourcemanager.googleapis.com/v1/projects/teste1-e312a  
 Fri Dec 08 2017 18:44:53 GMT-0300 (Hora oficial do Brasil)
[debug] [2017-12-08T21:44:55.171Z] <<< HTTP RESPONSE 200
[debug] [2017-12-08T21:44:55.171Z] >>> HTTP REQUEST GET https://mobilesdk-pa.googleapis.com/v1/projects/788065374608/clients/_:getWebAppConfig  
 Fri Dec 08 2017 18:44:55 GMT-0300 (Hora oficial do Brasil)
[debug] [2017-12-08T21:44:56.785Z] <<< HTTP RESPONSE 200
[info] i  hosting: Serving hosting files from: ./
[info] +  hosting: Local server: http://localhost:5000

