[debug] [2017-11-09T17:35:51.877Z] ----------------------------------------------------------------------
[debug] [2017-11-09T17:35:51.877Z] Command:       C:\Program Files\nodejs\node.exe C:\Users\rebek_000\AppData\Roaming\npm\node_modules\firebase-tools\bin\firebase serve
[debug] [2017-11-09T17:35:51.877Z] CLI Version:   3.14.0
[debug] [2017-11-09T17:35:51.877Z] Platform:      win32
[debug] [2017-11-09T17:35:51.877Z] Node Version:  v8.9.1
[debug] [2017-11-09T17:35:51.877Z] Time:          Thu Nov 09 2017 14:35:51 GMT-0300 (Hora oficial do Brasil)
[debug] [2017-11-09T17:35:51.877Z] ----------------------------------------------------------------------
[debug] 
[debug] [2017-11-09T17:35:51.892Z] > command requires scopes: ["email","openid","https://www.googleapis.com/auth/cloudplatformprojects.readonly","https://www.googleapis.com/auth/firebase","https://www.googleapis.com/auth/cloud-platform"]
[debug] [2017-11-09T17:35:51.892Z] > authorizing via signed-in user
[debug] [2017-11-09T17:35:51.892Z] > refreshing access token with scopes: ["email","https://www.googleapis.com/auth/cloud-platform","https://www.googleapis.com/auth/cloudplatformprojects.readonly","https://www.googleapis.com/auth/firebase","openid"]
[debug] [2017-11-09T17:35:51.892Z] >>> HTTP REQUEST POST https://www.googleapis.com/oauth2/v3/token { refresh_token: '1/UoZpzsA_xcLLxSRpSdJ5XvdJ_63ciiCjOA7d6RvVIZG6kGCaJaVsSWm9HE1_2kHW',
  client_id: '563584335869-fgrhgmd47bqnekij5i8b5pr03ho849e6.apps.googleusercontent.com',
  client_secret: 'j9iVZfS8kkCEFUPaAeJV0sAi',
  grant_type: 'refresh_token',
  scope: 'email https://www.googleapis.com/auth/cloud-platform https://www.googleapis.com/auth/cloudplatformprojects.readonly https://www.googleapis.com/auth/firebase openid' } 
 Thu Nov 09 2017 14:35:51 GMT-0300 (Hora oficial do Brasil)
[debug] [2017-11-09T17:35:52.439Z] <<< HTTP RESPONSE 200
[debug] [2017-11-09T17:35:52.486Z] >>> HTTP REQUEST GET https://admin.firebase.com/v1/projects/teste1-e312a  
 Thu Nov 09 2017 14:35:52 GMT-0300 (Hora oficial do Brasil)
[debug] [2017-11-09T17:35:53.596Z] <<< HTTP RESPONSE 200
[debug] [2017-11-09T17:35:53.611Z] >>> HTTP REQUEST GET https://admin.firebase.com/v1/database/teste1-e312a/tokens  
 Thu Nov 09 2017 14:35:53 GMT-0300 (Hora oficial do Brasil)
[debug] [2017-11-09T17:35:54.596Z] <<< HTTP RESPONSE 200
[info] 
[info] === Serving from 'C:\Users\rebek_000\Desktop\publikBusiness\friendlychat\web'...
[info] 
[debug] [2017-11-09T17:35:54.596Z] >>> HTTP REQUEST GET https://cloudresourcemanager.googleapis.com/v1/projects/teste1-e312a  
 Thu Nov 09 2017 14:35:54 GMT-0300 (Hora oficial do Brasil)
[debug] [2017-11-09T17:35:55.957Z] <<< HTTP RESPONSE 200
[debug] [2017-11-09T17:35:55.958Z] >>> HTTP REQUEST GET https://mobilesdk-pa.googleapis.com/v1/projects/788065374608/clients/_:getWebAppConfig  
 Thu Nov 09 2017 14:35:55 GMT-0300 (Hora oficial do Brasil)
[debug] [2017-11-09T17:35:57.105Z] <<< HTTP RESPONSE 200
[info] i  hosting: Serving hosting files from: ./
[info] +  hosting: Local server: http://localhost:5000

